Arguments: 
  C:\Program Files\nodejs\node.exe C:\Users\Perto - TE\AppData\Roaming\npm\node_modules\yarn\bin\yarn.js add @mui/material @emotion/react @emotion/styled

PATH: 
  C:\Program Files\Microsoft\jdk-11.0.20.8-hotspot\bin;C:\WINDOWS\system32;C:\WINDOWS;C:\WINDOWS\System32\Wbem;C:\WINDOWS\System32\WindowsPowerShell\v1.0\;C:\WINDOWS\System32\OpenSSH\;C:\Program Files\Git\cmd;C:\Program Files\dotnet\;C:\ProgramData\chocolatey\bin;C:\Program Files\nodejs\;C:\Users\Perto - TE\AppData\Local\Microsoft\WindowsApps;C:\Users\Perto - TE\AppData\Local\Programs\Microsoft VS Code\bin;C:\Android\Sdk\platform-tools;C:\Users\Perto - TE\AppData\Roaming\npm;

Yarn version: 
  1.22.19

Node version: 
  20.11.1

Platform: 
  win32 x64

Trace: 
  Error: EPERM: operation not permitted, unlink 'C:\Users\Perto - TE\Desktop\Projeto entregar\projeto-iesde\node_modules\@next\swc-win32-x64-msvc\next-swc.win32-x64-msvc.node'

npm manifest: 
  {
    "name": "projeto-iesde",
    "version": "0.1.0",
    "private": true,
    "scripts": {
      "dev": "next dev",
      "build": "next build",
      "start": "next start",
      "lint": "next lint"
    },
    "dependencies": {
      "react": "^18",
      "react-dom": "^18",
      "next": "14.2.14"
    },
    "devDependencies": {
      "typescript": "^5",
      "@types/node": "^20",
      "@types/react": "^18",
      "@types/react-dom": "^18",
      "postcss": "^8",
      "tailwindcss": "^3.4.1",
      "eslint": "^8",
      "eslint-config-next": "14.2.14"
    }
  }

yarn manifest: 
  No manifest

Lockfile: 
  No lockfile
